<?xml version="1.0" encoding="UTF-8"?>
<!-- Generated by org.testng.reporters.JUnitReportReporter -->
<testsuite hostname="LAPTOP-56V9BJ17" failures="0" tests="1" name="demo.TestScript2" time="0.001" errors="0" timestamp="2024-10-29T10:51:49 IST" skipped="0">
  <testcase classname="demo.TestScript2" name="test2" time="0.001"/>
  <system-out/>
</testsuite> <!-- demo.TestScript2 -->
